<?xml version="1.0" encoding="UTF-8"?>
<!-- Generated by org.testng.reporters.JUnitReportReporter -->
<testsuite hostname="SenthamizhanG" failures="0" tests="1" name="SampleProgram1.SumValidation" time="3.514" errors="0" timestamp="2024-02-11T23:56:23 IST" skipped="0">
  <testcase classname="SampleProgram1.SumValidation" name="sumOfCourse" time="3.514"/>
</testsuite> <!-- SampleProgram1.SumValidation -->
