<?xml version="1.0" encoding="UTF-8"?>
<!-- Generated by org.testng.reporters.JUnitReportReporter -->
<testsuite hostname="SenthamizhanG" failures="0" tests="3" name="files.DynamicJson" time="4.815" errors="0" timestamp="2024-02-12T09:17:29 IST" skipped="0">
  <testcase classname="files.DynamicJson" name="addBook" time="0.263"/>
  <testcase classname="files.DynamicJson" name="addBook" time="0.223"/>
  <testcase classname="files.DynamicJson" name="addBook" time="4.329"/>
</testsuite> <!-- files.DynamicJson -->
